Using pre-set license
Built from '2020.2/release' branch; Version is '2020.2.1f1 (270dd8c3da1c) revision 2559448'; Using compiler version '192528614'; Build Type 'Release'
OS: 'Windows 10  (10.0.0) 64bit' Language: 'en' Physical Memory: 8034 MB
BatchMode: 1, IsHumanControllingUs: 0, StartBugReporterOnCrash: 0, Is64bit: 1, IsPro: 0

 COMMAND LINE ARGUMENTS:
D:\Unity\2020.2.1f1\Editor\Unity.exe
-adb2
-batchMode
-noUpm
-name
AssetImportWorker1
-projectPath
D:/Unity projects/CharAnimationTest
-logFile
Logs/AssetImportWorker1.log
-srvPort
50684
Successfully changed project path to: D:/Unity projects/CharAnimationTest
D:/Unity projects/CharAnimationTest
Using Asset Import Pipeline V2.
Refreshing native plugins compatible for Editor in 37.16 ms, found 0 plugins.
Preloading 0 native plugins for Editor in 0.00 ms.
Initialize engine version: 2020.2.1f1 (270dd8c3da1c)
[Subsystems] Discovering subsystems at path D:/Unity/2020.2.1f1/Editor/Data/Resources/UnitySubsystems
[Subsystems] Discovering subsystems at path D:/Unity projects/CharAnimationTest/Assets
GfxDevice: creating device client; threaded=0
Direct3D:
    Version:  Direct3D 11.0 [level 11.1]
    Renderer: NVIDIA GeForce GTX 1050 Ti (ID=0x1c8c)
    Vendor:   
    VRAM:     4018 MB
    Driver:   27.21.14.6192
Initialize mono
Mono path[0] = 'D:/Unity/2020.2.1f1/Editor/Data/Managed'
Mono path[1] = 'D:/Unity/2020.2.1f1/Editor/Data/MonoBleedingEdge/lib/mono/unityjit'
Mono config path = 'D:/Unity/2020.2.1f1/Editor/Data/MonoBleedingEdge/etc'
Using monoOptions --debugger-agent=transport=dt_socket,embedding=1,server=y,suspend=n,address=127.0.0.1:56320
Begin MonoManager ReloadAssembly
Registering precompiled unity dll's ...
Register platform support module: D:/Unity/2020.2.1f1/Editor/Data/PlaybackEngines/WebGLSupport/UnityEditor.WebGL.Extensions.dll
Register platform support module: D:/Unity/2020.2.1f1/Editor/Data/PlaybackEngines/WindowsStandaloneSupport/UnityEditor.WindowsStandalone.Extensions.dll
Registered in 0.002195 seconds.
Native extension for WindowsStandalone target not found
Native extension for WebGL target not found
Refreshing native plugins compatible for Editor in 35.25 ms, found 0 plugins.
Preloading 0 native plugins for Editor in 0.00 ms.
Invoked RoslynAnalysisRunner static constructor.
RoslynAnalysisRunner will not be running.
RoslynAnalysisRunner has terminated.
Mono: successfully reloaded assembly
- Completed reload, in  3.908 seconds
Platform modules already initialized, skipping
Registering precompiled user dll's ...
Registered in 0.013527 seconds.
Begin MonoManager ReloadAssembly
Native extension for WindowsStandalone target not found
Native extension for WebGL target not found
Refreshing native plugins compatible for Editor in 0.36 ms, found 0 plugins.
Preloading 0 native plugins for Editor in 0.00 ms.
Invoked RoslynAnalysisRunner static constructor.
RoslynAnalysisRunner will not be running.
RoslynAnalysisRunner has terminated.
Mono: successfully reloaded assembly
- Completed reload, in  1.796 seconds
Platform modules already initialized, skipping
========================================================================
Worker process is ready to serve import requests
Launched and connected shader compiler UnityShaderCompiler.exe after 0.06 seconds
Refreshing native plugins compatible for Editor in 0.26 ms, found 0 plugins.
Preloading 0 native plugins for Editor in 0.00 ms.
Unloading 1087 Unused Serialized files (Serialized files now loaded: 0)
System memory in use before: 76.2 MB.
System memory in use after: 76.3 MB.

Unloading 9 unused Assets to reduce memory usage. Loaded Objects now: 1550.
Total: 2.400500 ms (FindLiveObjects: 0.208300 ms CreateObjectMapping: 0.071000 ms MarkObjects: 1.969600 ms  DeleteObjects: 0.149600 ms)

========================================================================
Received Import Request.
  path: Assets/Scenes/Level01.unity
  artifactKey: Guid(7f5c3fa1bc505134b834e5376e6fb77f) Importer(815301076,1909f56bfc062723c751e8b465ee728b)
Start importing Assets/Scenes/Level01.unity using Guid(7f5c3fa1bc505134b834e5376e6fb77f) Importer(815301076,1909f56bfc062723c751e8b465ee728b)  -> (artifact id: '81ffb77aba5bc138cbe0aa6aaea0a9a5') in 0.088014 seconds
  Import took 0.141218 seconds .

========================================================================
Received Import Request.
  Time since last request: 0.000484 seconds.
  path: Assets/Scenes/LevelGeneration.unity
  artifactKey: Guid(c33ae5eeee2e602468786f70ae38e3b3) Importer(815301076,1909f56bfc062723c751e8b465ee728b)
Start importing Assets/Scenes/LevelGeneration.unity using Guid(c33ae5eeee2e602468786f70ae38e3b3) Importer(815301076,1909f56bfc062723c751e8b465ee728b)  -> (artifact id: '290fbbace3ca28465e5dfd88f5bb0056') in 0.013400 seconds
  Import took 0.054567 seconds .

========================================================================
Received Prepare
Registering precompiled user dll's ...
Registered in 0.001143 seconds.
Begin MonoManager ReloadAssembly
Native extension for WindowsStandalone target not found
Native extension for WebGL target not found
Refreshing native plugins compatible for Editor in 0.30 ms, found 0 plugins.
Preloading 0 native plugins for Editor in 0.00 ms.
Invoked RoslynAnalysisRunner static constructor.
RoslynAnalysisRunner will not be running.
RoslynAnalysisRunner has terminated.
Mono: successfully reloaded assembly
- Completed reload, in  1.440 seconds
Platform modules already initialized, skipping
Refreshing native plugins compatible for Editor in 0.27 ms, found 0 plugins.
Preloading 0 native plugins for Editor in 0.00 ms.
Unloading 1084 Unused Serialized files (Serialized files now loaded: 0)
System memory in use before: 75.6 MB.
System memory in use after: 75.7 MB.

Unloading 4 unused Assets to reduce memory usage. Loaded Objects now: 1552.
Total: 3.762200 ms (FindLiveObjects: 0.179400 ms CreateObjectMapping: 0.064600 ms MarkObjects: 3.485700 ms  DeleteObjects: 0.030500 ms)

========================================================================
Received Import Request.
  Time since last request: 968.480880 seconds.
  path: Assets/Arrows.png
  artifactKey: Guid(36351bcfd77defe438aca87cd649d002) Importer(815301076,1909f56bfc062723c751e8b465ee728b)
Start importing Assets/Arrows.png using Guid(36351bcfd77defe438aca87cd649d002) Importer(815301076,1909f56bfc062723c751e8b465ee728b)  -> (artifact id: 'ea06b1b61e1b22fb065752ba675246e9') in 0.308125 seconds
  Import took 0.327586 seconds .

========================================================================
Received Prepare
Registering precompiled user dll's ...
Registered in 0.000978 seconds.
Begin MonoManager ReloadAssembly
Native extension for WindowsStandalone target not found
Native extension for WebGL target not found
Refreshing native plugins compatible for Editor in 0.26 ms, found 0 plugins.
Preloading 0 native plugins for Editor in 0.00 ms.
Invoked RoslynAnalysisRunner static constructor.
RoslynAnalysisRunner will not be running.
RoslynAnalysisRunner has terminated.
Mono: successfully reloaded assembly
- Completed reload, in  1.208 seconds
Platform modules already initialized, skipping
Refreshing native plugins compatible for Editor in 0.28 ms, found 0 plugins.
Preloading 0 native plugins for Editor in 0.00 ms.
Unloading 1086 Unused Serialized files (Serialized files now loaded: 0)
System memory in use before: 75.8 MB.
System memory in use after: 75.9 MB.

Unloading 4 unused Assets to reduce memory usage. Loaded Objects now: 1557.
Total: 2.341600 ms (FindLiveObjects: 0.167700 ms CreateObjectMapping: 0.062200 ms MarkObjects: 2.089800 ms  DeleteObjects: 0.020500 ms)

========================================================================
Received Prepare
Registering precompiled user dll's ...
Registered in 0.001042 seconds.
Begin MonoManager ReloadAssembly
Native extension for WindowsStandalone target not found
Native extension for WebGL target not found
Refreshing native plugins compatible for Editor in 0.29 ms, found 0 plugins.
Preloading 0 native plugins for Editor in 0.00 ms.
Invoked RoslynAnalysisRunner static constructor.
RoslynAnalysisRunner will not be running.
RoslynAnalysisRunner has terminated.
Mono: successfully reloaded assembly
- Completed reload, in  1.268 seconds
Platform modules already initialized, skipping
Refreshing native plugins compatible for Editor in 0.26 ms, found 0 plugins.
Preloading 0 native plugins for Editor in 0.00 ms.
Unloading 1086 Unused Serialized files (Serialized files now loaded: 0)
System memory in use before: 75.9 MB.
System memory in use after: 76.0 MB.

Unloading 4 unused Assets to reduce memory usage. Loaded Objects now: 1559.
Total: 2.345700 ms (FindLiveObjects: 0.214400 ms CreateObjectMapping: 0.068000 ms MarkObjects: 2.037900 ms  DeleteObjects: 0.023000 ms)

========================================================================
Received Import Request.
  Time since last request: 291.675640 seconds.
  path: Assets/Scripts/slideScript.cs
  artifactKey: Guid(c239c6e09ab0a4b4bb21a7cf955f799e) Importer(815301076,1909f56bfc062723c751e8b465ee728b)
Start importing Assets/Scripts/slideScript.cs using Guid(c239c6e09ab0a4b4bb21a7cf955f799e) Importer(815301076,1909f56bfc062723c751e8b465ee728b)  -> (artifact id: 'e59568d118c0db260106d735b8225003') in 0.107006 seconds
  Import took 0.159632 seconds .

========================================================================
Received Import Request.
  Time since last request: 106.730311 seconds.
  path: Assets/Scripts/slideScript.cs
  artifactKey: Guid(c239c6e09ab0a4b4bb21a7cf955f799e) Importer(815301076,1909f56bfc062723c751e8b465ee728b)
Start importing Assets/Scripts/slideScript.cs using Guid(c239c6e09ab0a4b4bb21a7cf955f799e) Importer(815301076,1909f56bfc062723c751e8b465ee728b)  -> (artifact id: '93d7af1a13bec949c890f5a6e1b523c7') in 0.015813 seconds
  Import took 0.032242 seconds .

========================================================================
Received Prepare
Registering precompiled user dll's ...
Registered in 0.002028 seconds.
Begin MonoManager ReloadAssembly
Native extension for WindowsStandalone target not found
Native extension for WebGL target not found
Refreshing native plugins compatible for Editor in 0.29 ms, found 0 plugins.
Preloading 0 native plugins for Editor in 0.00 ms.
Invoked RoslynAnalysisRunner static constructor.
RoslynAnalysisRunner will not be running.
RoslynAnalysisRunner has terminated.
Mono: successfully reloaded assembly
- Completed reload, in  1.359 seconds
Platform modules already initialized, skipping
Refreshing native plugins compatible for Editor in 0.28 ms, found 0 plugins.
Preloading 0 native plugins for Editor in 0.00 ms.
Unloading 1086 Unused Serialized files (Serialized files now loaded: 0)
System memory in use before: 76.2 MB.
System memory in use after: 76.3 MB.

Unloading 4 unused Assets to reduce memory usage. Loaded Objects now: 1561.
Total: 2.029400 ms (FindLiveObjects: 0.202300 ms CreateObjectMapping: 0.049900 ms MarkObjects: 1.755500 ms  DeleteObjects: 0.020300 ms)

========================================================================
Received Import Request.
  Time since last request: 157.139874 seconds.
  path: Assets/Scripts/slideScript.cs
  artifactKey: Guid(c239c6e09ab0a4b4bb21a7cf955f799e) Importer(815301076,1909f56bfc062723c751e8b465ee728b)
Start importing Assets/Scripts/slideScript.cs using Guid(c239c6e09ab0a4b4bb21a7cf955f799e) Importer(815301076,1909f56bfc062723c751e8b465ee728b)  -> (artifact id: '474f4966911dd885d387a681cf6bfbdf') in 0.014186 seconds
  Import took 0.040149 seconds .

========================================================================
Received Prepare
Registering precompiled user dll's ...
Registered in 0.000983 seconds.
Begin MonoManager ReloadAssembly
Native extension for WindowsStandalone target not found
Native extension for WebGL target not found
Refreshing native plugins compatible for Editor in 0.27 ms, found 0 plugins.
Preloading 0 native plugins for Editor in 0.00 ms.
Invoked RoslynAnalysisRunner static constructor.
RoslynAnalysisRunner will not be running.
RoslynAnalysisRunner has terminated.
Mono: successfully reloaded assembly
- Completed reload, in  1.176 seconds
Platform modules already initialized, skipping
Refreshing native plugins compatible for Editor in 0.26 ms, found 0 plugins.
Preloading 0 native plugins for Editor in 0.00 ms.
Unloading 1086 Unused Serialized files (Serialized files now loaded: 0)
System memory in use before: 76.4 MB.
System memory in use after: 76.5 MB.

Unloading 4 unused Assets to reduce memory usage. Loaded Objects now: 1563.
Total: 2.509600 ms (FindLiveObjects: 0.306300 ms CreateObjectMapping: 0.202300 ms MarkObjects: 1.976000 ms  DeleteObjects: 0.022100 ms)

========================================================================
Received Prepare
Registering precompiled user dll's ...
Registered in 0.000961 seconds.
Begin MonoManager ReloadAssembly
Native extension for WindowsStandalone target not found
Native extension for WebGL target not found
Refreshing native plugins compatible for Editor in 0.27 ms, found 0 plugins.
Preloading 0 native plugins for Editor in 0.00 ms.
Invoked RoslynAnalysisRunner static constructor.
RoslynAnalysisRunner will not be running.
RoslynAnalysisRunner has terminated.
Mono: successfully reloaded assembly
- Completed reload, in  1.254 seconds
Platform modules already initialized, skipping
Refreshing native plugins compatible for Editor in 0.41 ms, found 0 plugins.
Preloading 0 native plugins for Editor in 0.00 ms.
Unloading 1086 Unused Serialized files (Serialized files now loaded: 0)
System memory in use before: 76.5 MB.
System memory in use after: 76.6 MB.

Unloading 4 unused Assets to reduce memory usage. Loaded Objects now: 1565.
Total: 2.495100 ms (FindLiveObjects: 0.173900 ms CreateObjectMapping: 0.047500 ms MarkObjects: 2.252500 ms  DeleteObjects: 0.020000 ms)

========================================================================
Received Prepare
Registering precompiled user dll's ...
Registered in 0.001315 seconds.
Begin MonoManager ReloadAssembly
Native extension for WindowsStandalone target not found
Native extension for WebGL target not found
Refreshing native plugins compatible for Editor in 0.30 ms, found 0 plugins.
Preloading 0 native plugins for Editor in 0.00 ms.
Invoked RoslynAnalysisRunner static constructor.
RoslynAnalysisRunner will not be running.
RoslynAnalysisRunner has terminated.
Mono: successfully reloaded assembly
- Completed reload, in  1.206 seconds
Platform modules already initialized, skipping
Refreshing native plugins compatible for Editor in 0.26 ms, found 0 plugins.
Preloading 0 native plugins for Editor in 0.00 ms.
Unloading 1086 Unused Serialized files (Serialized files now loaded: 0)
System memory in use before: 76.7 MB.
System memory in use after: 76.8 MB.

Unloading 4 unused Assets to reduce memory usage. Loaded Objects now: 1567.
Total: 2.615000 ms (FindLiveObjects: 0.314000 ms CreateObjectMapping: 0.105800 ms MarkObjects: 2.169800 ms  DeleteObjects: 0.023500 ms)

========================================================================
Received Prepare
Registering precompiled user dll's ...
Registered in 0.001137 seconds.
Begin MonoManager ReloadAssembly
Native extension for WindowsStandalone target not found
Native extension for WebGL target not found
Refreshing native plugins compatible for Editor in 0.28 ms, found 0 plugins.
Preloading 0 native plugins for Editor in 0.00 ms.
Invoked RoslynAnalysisRunner static constructor.
RoslynAnalysisRunner will not be running.
RoslynAnalysisRunner has terminated.
Mono: successfully reloaded assembly
- Completed reload, in  1.267 seconds
Platform modules already initialized, skipping
Refreshing native plugins compatible for Editor in 0.34 ms, found 0 plugins.
Preloading 0 native plugins for Editor in 0.00 ms.
Unloading 1086 Unused Serialized files (Serialized files now loaded: 0)
System memory in use before: 76.9 MB.
System memory in use after: 77.0 MB.

Unloading 4 unused Assets to reduce memory usage. Loaded Objects now: 1569.
Total: 2.878400 ms (FindLiveObjects: 0.310300 ms CreateObjectMapping: 0.113000 ms MarkObjects: 2.430200 ms  DeleteObjects: 0.022600 ms)

========================================================================
Received Prepare
Registering precompiled user dll's ...
Registered in 0.001071 seconds.
Begin MonoManager ReloadAssembly
Native extension for WindowsStandalone target not found
Native extension for WebGL target not found
Refreshing native plugins compatible for Editor in 0.26 ms, found 0 plugins.
Preloading 0 native plugins for Editor in 0.00 ms.
Invoked RoslynAnalysisRunner static constructor.
RoslynAnalysisRunner will not be running.
RoslynAnalysisRunner has terminated.
Mono: successfully reloaded assembly
- Completed reload, in  1.227 seconds
Platform modules already initialized, skipping
Refreshing native plugins compatible for Editor in 0.51 ms, found 0 plugins.
Preloading 0 native plugins for Editor in 0.00 ms.
Unloading 1086 Unused Serialized files (Serialized files now loaded: 0)
System memory in use before: 77.0 MB.
System memory in use after: 77.1 MB.

Unloading 4 unused Assets to reduce memory usage. Loaded Objects now: 1571.
Total: 2.451500 ms (FindLiveObjects: 0.222100 ms CreateObjectMapping: 0.053500 ms MarkObjects: 2.151900 ms  DeleteObjects: 0.022000 ms)

========================================================================
Received Import Request.
  Time since last request: 1069.136921 seconds.
  path: Assets/Scripts/Swipe.cs
  artifactKey: Guid(20cac3140cddc3e4bbf90d305ab404d1) Importer(815301076,1909f56bfc062723c751e8b465ee728b)
Start importing Assets/Scripts/Swipe.cs using Guid(20cac3140cddc3e4bbf90d305ab404d1) Importer(815301076,1909f56bfc062723c751e8b465ee728b)  -> (artifact id: 'e7b901b2fd0ebe48931d2b17e4e42e26') in 0.040353 seconds
  Import took 0.058882 seconds .

========================================================================
Received Import Request.
  Time since last request: 0.009038 seconds.
  path: Assets/Scripts/Swipe.cs
  artifactKey: Guid(20cac3140cddc3e4bbf90d305ab404d1) Importer(815301076,1909f56bfc062723c751e8b465ee728b)
Start importing Assets/Scripts/Swipe.cs using Guid(20cac3140cddc3e4bbf90d305ab404d1) Importer(815301076,1909f56bfc062723c751e8b465ee728b)  -> (artifact id: 'e7b901b2fd0ebe48931d2b17e4e42e26') in 0.008231 seconds
  Import took 0.012056 seconds .

========================================================================
Received Prepare
Registering precompiled user dll's ...
Registered in 0.001241 seconds.
Begin MonoManager ReloadAssembly
Native extension for WindowsStandalone target not found
Native extension for WebGL target not found
Refreshing native plugins compatible for Editor in 0.29 ms, found 0 plugins.
Preloading 0 native plugins for Editor in 0.00 ms.
Invoked RoslynAnalysisRunner static constructor.
RoslynAnalysisRunner will not be running.
RoslynAnalysisRunner has terminated.
Mono: successfully reloaded assembly
- Completed reload, in  1.236 seconds
Platform modules already initialized, skipping
Refreshing native plugins compatible for Editor in 0.26 ms, found 0 plugins.
Preloading 0 native plugins for Editor in 0.00 ms.
Unloading 1086 Unused Serialized files (Serialized files now loaded: 0)
System memory in use before: 76.2 MB.
System memory in use after: 76.3 MB.

Unloading 4 unused Assets to reduce memory usage. Loaded Objects now: 1573.
Total: 2.447800 ms (FindLiveObjects: 0.240800 ms CreateObjectMapping: 0.078700 ms MarkObjects: 2.097300 ms  DeleteObjects: 0.028700 ms)

========================================================================
Received Prepare
Registering precompiled user dll's ...
Registered in 0.001021 seconds.
Begin MonoManager ReloadAssembly
Native extension for WindowsStandalone target not found
Native extension for WebGL target not found
Refreshing native plugins compatible for Editor in 0.28 ms, found 0 plugins.
Preloading 0 native plugins for Editor in 0.00 ms.
Invoked RoslynAnalysisRunner static constructor.
RoslynAnalysisRunner will not be running.
RoslynAnalysisRunner has terminated.
Mono: successfully reloaded assembly
- Completed reload, in  1.308 seconds
Platform modules already initialized, skipping
Refreshing native plugins compatible for Editor in 0.34 ms, found 0 plugins.
Preloading 0 native plugins for Editor in 0.00 ms.
Unloading 1086 Unused Serialized files (Serialized files now loaded: 0)
System memory in use before: 76.4 MB.
System memory in use after: 76.5 MB.

Unloading 4 unused Assets to reduce memory usage. Loaded Objects now: 1575.
Total: 2.301300 ms (FindLiveObjects: 0.179900 ms CreateObjectMapping: 0.065700 ms MarkObjects: 2.030000 ms  DeleteObjects: 0.023800 ms)

========================================================================
Received Prepare
Registering precompiled user dll's ...
Registered in 0.001145 seconds.
Begin MonoManager ReloadAssembly
Native extension for WindowsStandalone target not found
Native extension for WebGL target not found
Refreshing native plugins compatible for Editor in 0.26 ms, found 0 plugins.
Preloading 0 native plugins for Editor in 0.00 ms.
Invoked RoslynAnalysisRunner static constructor.
RoslynAnalysisRunner will not be running.
RoslynAnalysisRunner has terminated.
Mono: successfully reloaded assembly
- Completed reload, in  1.234 seconds
Platform modules already initialized, skipping
Refreshing native plugins compatible for Editor in 0.29 ms, found 0 plugins.
Preloading 0 native plugins for Editor in 0.00 ms.
Unloading 1086 Unused Serialized files (Serialized files now loaded: 0)
System memory in use before: 76.6 MB.
System memory in use after: 76.7 MB.

Unloading 4 unused Assets to reduce memory usage. Loaded Objects now: 1577.
Total: 2.754300 ms (FindLiveObjects: 0.246400 ms CreateObjectMapping: 0.101700 ms MarkObjects: 2.382800 ms  DeleteObjects: 0.021500 ms)

========================================================================
Received Import Request.
  Time since last request: 313.584941 seconds.
  path: ProjectSettings/TagManager.asset
  artifactKey: Guid(00000000000000003000000000000000) Importer(815301076,1909f56bfc062723c751e8b465ee728b)
Start importing ProjectSettings/TagManager.asset using Guid(00000000000000003000000000000000) Importer(815301076,1909f56bfc062723c751e8b465ee728b)  -> (artifact id: '5874a1b7483da303c4324dc7e399b219') in 0.338197 seconds
  Import took 0.377358 seconds .

========================================================================
Received Prepare
Registering precompiled user dll's ...
Registered in 0.000977 seconds.
Begin MonoManager ReloadAssembly
Native extension for WindowsStandalone target not found
Native extension for WebGL target not found
Refreshing native plugins compatible for Editor in 0.27 ms, found 0 plugins.
Preloading 0 native plugins for Editor in 0.00 ms.
Invoked RoslynAnalysisRunner static constructor.
RoslynAnalysisRunner will not be running.
RoslynAnalysisRunner has terminated.
Mono: successfully reloaded assembly
- Completed reload, in  1.245 seconds
Platform modules already initialized, skipping
Refreshing native plugins compatible for Editor in 0.26 ms, found 0 plugins.
Preloading 0 native plugins for Editor in 0.00 ms.
Unloading 1086 Unused Serialized files (Serialized files now loaded: 0)
System memory in use before: 76.7 MB.
System memory in use after: 76.8 MB.

Unloading 5 unused Assets to reduce memory usage. Loaded Objects now: 1579.
Total: 2.267600 ms (FindLiveObjects: 0.179800 ms CreateObjectMapping: 0.049900 ms MarkObjects: 2.013500 ms  DeleteObjects: 0.023000 ms)

========================================================================
Received Prepare
Registering precompiled user dll's ...
Registered in 0.001016 seconds.
Begin MonoManager ReloadAssembly
Native extension for WindowsStandalone target not found
Native extension for WebGL target not found
Refreshing native plugins compatible for Editor in 0.35 ms, found 0 plugins.
Preloading 0 native plugins for Editor in 0.00 ms.
Invoked RoslynAnalysisRunner static constructor.
RoslynAnalysisRunner will not be running.
RoslynAnalysisRunner has terminated.
Mono: successfully reloaded assembly
- Completed reload, in  1.305 seconds
Platform modules already initialized, skipping
Refreshing native plugins compatible for Editor in 0.52 ms, found 0 plugins.
Preloading 0 native plugins for Editor in 0.00 ms.
Unloading 1086 Unused Serialized files (Serialized files now loaded: 0)
System memory in use before: 76.9 MB.
System memory in use after: 77.0 MB.

Unloading 4 unused Assets to reduce memory usage. Loaded Objects now: 1581.
Total: 2.350600 ms (FindLiveObjects: 0.272300 ms CreateObjectMapping: 0.077200 ms MarkObjects: 1.975800 ms  DeleteObjects: 0.023400 ms)

========================================================================
Received Prepare
Registering precompiled user dll's ...
Registered in 0.001029 seconds.
Begin MonoManager ReloadAssembly
Native extension for WindowsStandalone target not found
Native extension for WebGL target not found
Refreshing native plugins compatible for Editor in 0.27 ms, found 0 plugins.
Preloading 0 native plugins for Editor in 0.00 ms.
Invoked RoslynAnalysisRunner static constructor.
RoslynAnalysisRunner will not be running.
RoslynAnalysisRunner has terminated.
Mono: successfully reloaded assembly
- Completed reload, in  1.282 seconds
Platform modules already initialized, skipping
Refreshing native plugins compatible for Editor in 0.36 ms, found 0 plugins.
Preloading 0 native plugins for Editor in 0.00 ms.
Unloading 1086 Unused Serialized files (Serialized files now loaded: 0)
System memory in use before: 77.0 MB.
System memory in use after: 77.1 MB.

Unloading 4 unused Assets to reduce memory usage. Loaded Objects now: 1583.
Total: 2.780900 ms (FindLiveObjects: 0.326900 ms CreateObjectMapping: 0.055800 ms MarkObjects: 2.375800 ms  DeleteObjects: 0.021200 ms)

========================================================================
Received Import Request.
  Time since last request: 561.200986 seconds.
  path: Assets/Scenes/SampleScene.unity
  artifactKey: Guid(9fc0d4010bbf28b4594072e72b8655ab) Importer(815301076,1909f56bfc062723c751e8b465ee728b)
Start importing Assets/Scenes/SampleScene.unity using Guid(9fc0d4010bbf28b4594072e72b8655ab) Importer(815301076,1909f56bfc062723c751e8b465ee728b)  -> (artifact id: '83196f014c0474638c39a48fc6b0f6df') in 0.025160 seconds
  Import took 0.029247 seconds .

========================================================================
Received Import Request.
  Time since last request: 0.031480 seconds.
  path: Assets/Scenes/SampleScene.unity
  artifactKey: Guid(9fc0d4010bbf28b4594072e72b8655ab) Importer(815301076,1909f56bfc062723c751e8b465ee728b)
Start importing Assets/Scenes/SampleScene.unity using Guid(9fc0d4010bbf28b4594072e72b8655ab) Importer(815301076,1909f56bfc062723c751e8b465ee728b)  -> (artifact id: '83196f014c0474638c39a48fc6b0f6df') in 0.007932 seconds
  Import took 0.010789 seconds .

========================================================================
Received Prepare
Registering precompiled user dll's ...
Registered in 0.000925 seconds.
Begin MonoManager ReloadAssembly
Native extension for WindowsStandalone target not found
Native extension for WebGL target not found
Refreshing native plugins compatible for Editor in 0.27 ms, found 0 plugins.
Preloading 0 native plugins for Editor in 0.00 ms.
Invoked RoslynAnalysisRunner static constructor.
RoslynAnalysisRunner will not be running.
RoslynAnalysisRunner has terminated.
Mono: successfully reloaded assembly
- Completed reload, in  1.258 seconds
Platform modules already initialized, skipping
Refreshing native plugins compatible for Editor in 0.27 ms, found 0 plugins.
Preloading 0 native plugins for Editor in 0.00 ms.
Unloading 1086 Unused Serialized files (Serialized files now loaded: 0)
System memory in use before: 76.3 MB.
System memory in use after: 76.4 MB.

Unloading 4 unused Assets to reduce memory usage. Loaded Objects now: 1585.
Total: 2.369800 ms (FindLiveObjects: 0.276000 ms CreateObjectMapping: 0.062400 ms MarkObjects: 2.009700 ms  DeleteObjects: 0.020600 ms)

========================================================================
Received Import Request.
  Time since last request: 67.912808 seconds.
  path: Assets/prefab/Player.prefab
  artifactKey: Guid(7cf5f30278c16fd43b36ac100c9f334e) Importer(815301076,1909f56bfc062723c751e8b465ee728b)
Start importing Assets/prefab/Player.prefab using Guid(7cf5f30278c16fd43b36ac100c9f334e) Importer(815301076,1909f56bfc062723c751e8b465ee728b)  -> (artifact id: 'cfb4e306f97e3b29811a385ea21fe132') in 0.716202 seconds
  Import took 0.763117 seconds .

========================================================================
Received Prepare
Registering precompiled user dll's ...
Registered in 0.000997 seconds.
Begin MonoManager ReloadAssembly
Native extension for WindowsStandalone target not found
Native extension for WebGL target not found
Refreshing native plugins compatible for Editor in 0.26 ms, found 0 plugins.
Preloading 0 native plugins for Editor in 0.00 ms.
Invoked RoslynAnalysisRunner static constructor.
RoslynAnalysisRunner will not be running.
RoslynAnalysisRunner has terminated.
Mono: successfully reloaded assembly
- Completed reload, in  1.260 seconds
Platform modules already initialized, skipping
Refreshing native plugins compatible for Editor in 0.26 ms, found 0 plugins.
Preloading 0 native plugins for Editor in 0.00 ms.
Unloading 1086 Unused Serialized files (Serialized files now loaded: 0)
System memory in use before: 90.5 MB.
System memory in use after: 90.6 MB.

Unloading 4 unused Assets to reduce memory usage. Loaded Objects now: 1594.
Total: 2.566000 ms (FindLiveObjects: 0.186200 ms CreateObjectMapping: 0.065600 ms MarkObjects: 2.290100 ms  DeleteObjects: 0.022800 ms)

========================================================================
Received Import Request.
  Time since last request: 2.975404 seconds.
  path: Assets/prefab/Click To start.prefab
  artifactKey: Guid(db86c659c1573cc41b47144306a1081d) Importer(815301076,1909f56bfc062723c751e8b465ee728b)
Start importing Assets/prefab/Click To start.prefab using Guid(db86c659c1573cc41b47144306a1081d) Importer(815301076,1909f56bfc062723c751e8b465ee728b)  -> (artifact id: 'c0af7039227c7e08451192788f1c24d9') in 0.090819 seconds
  Import took 0.132308 seconds .

========================================================================
Received Import Request.
  Time since last request: 70.269268 seconds.
  path: Assets/Scenes/LevelGeneration.unity
  artifactKey: Guid(c33ae5eeee2e602468786f70ae38e3b3) Importer(815301076,1909f56bfc062723c751e8b465ee728b)
Start importing Assets/Scenes/LevelGeneration.unity using Guid(c33ae5eeee2e602468786f70ae38e3b3) Importer(815301076,1909f56bfc062723c751e8b465ee728b)  -> (artifact id: '2ba48fc9c8a9cabca16ff4d666f670a3') in 0.015588 seconds
  Import took 0.018873 seconds .

========================================================================
Received Import Request.
  Time since last request: 0.012361 seconds.
  path: Assets/Scenes/LevelGeneration.unity
  artifactKey: Guid(c33ae5eeee2e602468786f70ae38e3b3) Importer(815301076,1909f56bfc062723c751e8b465ee728b)
Start importing Assets/Scenes/LevelGeneration.unity using Guid(c33ae5eeee2e602468786f70ae38e3b3) Importer(815301076,1909f56bfc062723c751e8b465ee728b)  -> (artifact id: '2ba48fc9c8a9cabca16ff4d666f670a3') in 0.008907 seconds
  Import took 0.012212 seconds .

========================================================================
Received Prepare
Registering precompiled user dll's ...
Registered in 0.001032 seconds.
Begin MonoManager ReloadAssembly
Native extension for WindowsStandalone target not found
Native extension for WebGL target not found
Refreshing native plugins compatible for Editor in 0.26 ms, found 0 plugins.
Preloading 0 native plugins for Editor in 0.00 ms.
Invoked RoslynAnalysisRunner static constructor.
RoslynAnalysisRunner will not be running.
RoslynAnalysisRunner has terminated.
Mono: successfully reloaded assembly
- Completed reload, in  1.228 seconds
Platform modules already initialized, skipping
Refreshing native plugins compatible for Editor in 0.26 ms, found 0 plugins.
Preloading 0 native plugins for Editor in 0.00 ms.
Unloading 1086 Unused Serialized files (Serialized files now loaded: 0)
System memory in use before: 90.7 MB.
System memory in use after: 90.8 MB.

Unloading 4 unused Assets to reduce memory usage. Loaded Objects now: 1596.
Total: 2.578200 ms (FindLiveObjects: 0.208000 ms CreateObjectMapping: 0.052700 ms MarkObjects: 2.294400 ms  DeleteObjects: 0.021400 ms)

========================================================================
Received Prepare
Registering precompiled user dll's ...
Registered in 0.000950 seconds.
Begin MonoManager ReloadAssembly
Native extension for WindowsStandalone target not found
Native extension for WebGL target not found
Refreshing native plugins compatible for Editor in 0.27 ms, found 0 plugins.
Preloading 0 native plugins for Editor in 0.00 ms.
Invoked RoslynAnalysisRunner static constructor.
RoslynAnalysisRunner will not be running.
RoslynAnalysisRunner has terminated.
Mono: successfully reloaded assembly
- Completed reload, in  1.299 seconds
Platform modules already initialized, skipping
Refreshing native plugins compatible for Editor in 0.26 ms, found 0 plugins.
Preloading 0 native plugins for Editor in 0.00 ms.
Unloading 1086 Unused Serialized files (Serialized files now loaded: 0)
System memory in use before: 90.8 MB.
System memory in use after: 90.9 MB.

Unloading 4 unused Assets to reduce memory usage. Loaded Objects now: 1598.
Total: 2.356900 ms (FindLiveObjects: 0.192200 ms CreateObjectMapping: 0.069800 ms MarkObjects: 2.073100 ms  DeleteObjects: 0.020000 ms)

========================================================================
Received Prepare
Registering precompiled user dll's ...
Registered in 0.000979 seconds.
Begin MonoManager ReloadAssembly
Native extension for WindowsStandalone target not found
Native extension for WebGL target not found
Refreshing native plugins compatible for Editor in 0.27 ms, found 0 plugins.
Preloading 0 native plugins for Editor in 0.00 ms.
Invoked RoslynAnalysisRunner static constructor.
RoslynAnalysisRunner will not be running.
RoslynAnalysisRunner has terminated.
Mono: successfully reloaded assembly
- Completed reload, in  1.318 seconds
Platform modules already initialized, skipping
Refreshing native plugins compatible for Editor in 0.26 ms, found 0 plugins.
Preloading 0 native plugins for Editor in 0.00 ms.
Unloading 1086 Unused Serialized files (Serialized files now loaded: 0)
System memory in use before: 91.0 MB.
System memory in use after: 91.1 MB.

Unloading 4 unused Assets to reduce memory usage. Loaded Objects now: 1600.
Total: 3.519300 ms (FindLiveObjects: 0.190300 ms CreateObjectMapping: 0.055000 ms MarkObjects: 3.240100 ms  DeleteObjects: 0.028400 ms)

========================================================================
Received Prepare
Registering precompiled user dll's ...
Registered in 0.000987 seconds.
Begin MonoManager ReloadAssembly
Native extension for WindowsStandalone target not found
Native extension for WebGL target not found
Refreshing native plugins compatible for Editor in 0.27 ms, found 0 plugins.
Preloading 0 native plugins for Editor in 0.00 ms.
Invoked RoslynAnalysisRunner static constructor.
RoslynAnalysisRunner will not be running.
RoslynAnalysisRunner has terminated.
Mono: successfully reloaded assembly
- Completed reload, in  1.284 seconds
Platform modules already initialized, skipping
Refreshing native plugins compatible for Editor in 0.27 ms, found 0 plugins.
Preloading 0 native plugins for Editor in 0.00 ms.
Unloading 1086 Unused Serialized files (Serialized files now loaded: 0)
System memory in use before: 91.1 MB.
System memory in use after: 91.2 MB.

Unloading 4 unused Assets to reduce memory usage. Loaded Objects now: 1602.
Total: 3.106100 ms (FindLiveObjects: 0.438700 ms CreateObjectMapping: 0.331300 ms MarkObjects: 2.309800 ms  DeleteObjects: 0.023400 ms)

========================================================================
Received Import Request.
  Time since last request: 556.349073 seconds.
  path: Assets/prefab/UI Score.prefab
  artifactKey: Guid(8b3c93e95029961468550c32d0fac4ae) Importer(815301076,1909f56bfc062723c751e8b465ee728b)
Start importing Assets/prefab/UI Score.prefab using Guid(8b3c93e95029961468550c32d0fac4ae) Importer(815301076,1909f56bfc062723c751e8b465ee728b)  -> (artifact id: '6f3a09ef7a112bb3e2761d1593e9ff7d') in 0.191580 seconds
  Import took 0.206657 seconds .

========================================================================
Received Prepare
Registering precompiled user dll's ...
Registered in 0.001058 seconds.
Begin MonoManager ReloadAssembly
Native extension for WindowsStandalone target not found
Native extension for WebGL target not found
Refreshing native plugins compatible for Editor in 0.28 ms, found 0 plugins.
Preloading 0 native plugins for Editor in 0.00 ms.
Invoked RoslynAnalysisRunner static constructor.
RoslynAnalysisRunner will not be running.
RoslynAnalysisRunner has terminated.
Mono: successfully reloaded assembly
- Completed reload, in  1.270 seconds
Platform modules already initialized, skipping
Refreshing native plugins compatible for Editor in 0.26 ms, found 0 plugins.
Preloading 0 native plugins for Editor in 0.00 ms.
Unloading 1086 Unused Serialized files (Serialized files now loaded: 0)
System memory in use before: 90.4 MB.
System memory in use after: 90.5 MB.

Unloading 4 unused Assets to reduce memory usage. Loaded Objects now: 1604.
Total: 2.175400 ms (FindLiveObjects: 0.175300 ms CreateObjectMapping: 0.054200 ms MarkObjects: 1.925200 ms  DeleteObjects: 0.019400 ms)

========================================================================
Received Prepare
Registering precompiled user dll's ...
Registered in 0.001078 seconds.
Begin MonoManager ReloadAssembly
Native extension for WindowsStandalone target not found
Native extension for WebGL target not found
Refreshing native plugins compatible for Editor in 0.34 ms, found 0 plugins.
Preloading 0 native plugins for Editor in 0.00 ms.
Invoked RoslynAnalysisRunner static constructor.
RoslynAnalysisRunner will not be running.
RoslynAnalysisRunner has terminated.
Mono: successfully reloaded assembly
- Completed reload, in  1.381 seconds
Platform modules already initialized, skipping
Refreshing native plugins compatible for Editor in 0.26 ms, found 0 plugins.
Preloading 0 native plugins for Editor in 0.00 ms.
Unloading 1086 Unused Serialized files (Serialized files now loaded: 0)
System memory in use before: 90.5 MB.
System memory in use after: 90.6 MB.

Unloading 4 unused Assets to reduce memory usage. Loaded Objects now: 1606.
Total: 3.222400 ms (FindLiveObjects: 0.170000 ms CreateObjectMapping: 0.051300 ms MarkObjects: 2.976700 ms  DeleteObjects: 0.022400 ms)

========================================================================
Received Prepare
Registering precompiled user dll's ...
Registered in 0.001010 seconds.
Begin MonoManager ReloadAssembly
Native extension for WindowsStandalone target not found
Native extension for WebGL target not found
Refreshing native plugins compatible for Editor in 0.28 ms, found 0 plugins.
Preloading 0 native plugins for Editor in 0.00 ms.
Invoked RoslynAnalysisRunner static constructor.
RoslynAnalysisRunner will not be running.
RoslynAnalysisRunner has terminated.
Mono: successfully reloaded assembly
- Completed reload, in  1.316 seconds
Platform modules already initialized, skipping
Refreshing native plugins compatible for Editor in 0.27 ms, found 0 plugins.
Preloading 0 native plugins for Editor in 0.00 ms.
Unloading 1086 Unused Serialized files (Serialized files now loaded: 0)
System memory in use before: 90.7 MB.
System memory in use after: 90.8 MB.

Unloading 4 unused Assets to reduce memory usage. Loaded Objects now: 1608.
Total: 2.450700 ms (FindLiveObjects: 0.189500 ms CreateObjectMapping: 0.052800 ms MarkObjects: 2.188100 ms  DeleteObjects: 0.019100 ms)

========================================================================
Received Prepare
Registering precompiled user dll's ...
Registered in 0.001216 seconds.
Begin MonoManager ReloadAssembly
Native extension for WindowsStandalone target not found
Native extension for WebGL target not found
Refreshing native plugins compatible for Editor in 0.27 ms, found 0 plugins.
Preloading 0 native plugins for Editor in 0.00 ms.
Invoked RoslynAnalysisRunner static constructor.
RoslynAnalysisRunner will not be running.
RoslynAnalysisRunner has terminated.
Mono: successfully reloaded assembly
- Completed reload, in  1.331 seconds
Platform modules already initialized, skipping
Refreshing native plugins compatible for Editor in 0.29 ms, found 0 plugins.
Preloading 0 native plugins for Editor in 0.00 ms.
Unloading 1086 Unused Serialized files (Serialized files now loaded: 0)
System memory in use before: 90.9 MB.
System memory in use after: 91.0 MB.

Unloading 4 unused Assets to reduce memory usage. Loaded Objects now: 1610.
Total: 2.406100 ms (FindLiveObjects: 0.198600 ms CreateObjectMapping: 0.080300 ms MarkObjects: 2.105600 ms  DeleteObjects: 0.019800 ms)

========================================================================
Received Import Request.
  Time since last request: 424.882601 seconds.
  path: Assets/prefab/UI Score.prefab
  artifactKey: Guid(8b3c93e95029961468550c32d0fac4ae) Importer(815301076,1909f56bfc062723c751e8b465ee728b)
Start importing Assets/prefab/UI Score.prefab using Guid(8b3c93e95029961468550c32d0fac4ae) Importer(815301076,1909f56bfc062723c751e8b465ee728b)  -> (artifact id: 'ae8fab39c1edd4468062019bb5e49993') in 0.065804 seconds
  Import took 0.076078 seconds .

========================================================================
Received Import Request.
  Time since last request: 3.729263 seconds.
  path: Assets/prefab/UI Score.prefab
  artifactKey: Guid(8b3c93e95029961468550c32d0fac4ae) Importer(815301076,1909f56bfc062723c751e8b465ee728b)
Start importing Assets/prefab/UI Score.prefab using Guid(8b3c93e95029961468550c32d0fac4ae) Importer(815301076,1909f56bfc062723c751e8b465ee728b)  -> (artifact id: '1fc891fe0286f160caea44cfa6f41137') in 0.020751 seconds
  Import took 0.024389 seconds .

========================================================================
Received Import Request.
  Time since last request: 4.311156 seconds.
  path: Assets/prefab/UI Score.prefab
  artifactKey: Guid(8b3c93e95029961468550c32d0fac4ae) Importer(815301076,1909f56bfc062723c751e8b465ee728b)
Start importing Assets/prefab/UI Score.prefab using Guid(8b3c93e95029961468550c32d0fac4ae) Importer(815301076,1909f56bfc062723c751e8b465ee728b)  -> (artifact id: 'e8901b65caae064f5359189509f924fe') in 0.038892 seconds
  Import took 0.044306 seconds .

========================================================================
Received Import Request.
  Time since last request: 2.351415 seconds.
  path: Assets/prefab/UI Score.prefab
  artifactKey: Guid(8b3c93e95029961468550c32d0fac4ae) Importer(815301076,1909f56bfc062723c751e8b465ee728b)
Start importing Assets/prefab/UI Score.prefab using Guid(8b3c93e95029961468550c32d0fac4ae) Importer(815301076,1909f56bfc062723c751e8b465ee728b)  -> (artifact id: 'e7b0c0ebe932e7282cf36916c12352a4') in 0.020223 seconds
  Import took 0.023824 seconds .

========================================================================
Received Import Request.
  Time since last request: 5.353376 seconds.
  path: Assets/prefab/UI Score.prefab
  artifactKey: Guid(8b3c93e95029961468550c32d0fac4ae) Importer(815301076,1909f56bfc062723c751e8b465ee728b)
Start importing Assets/prefab/UI Score.prefab using Guid(8b3c93e95029961468550c32d0fac4ae) Importer(815301076,1909f56bfc062723c751e8b465ee728b)  -> (artifact id: '6c0f0d42fb36eac260a871791a10a056') in 0.020748 seconds
  Import took 0.037038 seconds .

========================================================================
Received Import Request.
  Time since last request: 4.400267 seconds.
  path: Assets/prefab/UI Score.prefab
  artifactKey: Guid(8b3c93e95029961468550c32d0fac4ae) Importer(815301076,1909f56bfc062723c751e8b465ee728b)
Start importing Assets/prefab/UI Score.prefab using Guid(8b3c93e95029961468550c32d0fac4ae) Importer(815301076,1909f56bfc062723c751e8b465ee728b)  -> (artifact id: 'd3058a092b5a1c22ecd4fe326d05ad8d') in 0.015791 seconds
  Import took 0.019093 seconds .

========================================================================
Received Import Request.
  Time since last request: 6.175456 seconds.
  path: Assets/prefab/UI Score.prefab
  artifactKey: Guid(8b3c93e95029961468550c32d0fac4ae) Importer(815301076,1909f56bfc062723c751e8b465ee728b)
Start importing Assets/prefab/UI Score.prefab using Guid(8b3c93e95029961468550c32d0fac4ae) Importer(815301076,1909f56bfc062723c751e8b465ee728b)  -> (artifact id: 'fdc2099528fc10cd3eebc213e7e0d732') in 0.014516 seconds
  Import took 0.032623 seconds .

========================================================================
Received Import Request.
  Time since last request: 5.995914 seconds.
  path: Assets/prefab/UI Score.prefab
  artifactKey: Guid(8b3c93e95029961468550c32d0fac4ae) Importer(815301076,1909f56bfc062723c751e8b465ee728b)
Start importing Assets/prefab/UI Score.prefab using Guid(8b3c93e95029961468550c32d0fac4ae) Importer(815301076,1909f56bfc062723c751e8b465ee728b)  -> (artifact id: '18ad8e1a9aea282b10631d22e82964a6') in 0.015846 seconds
  Import took 0.051137 seconds .

========================================================================
Received Import Request.
  Time since last request: 5.957358 seconds.
  path: Assets/prefab/UI Score.prefab
  artifactKey: Guid(8b3c93e95029961468550c32d0fac4ae) Importer(815301076,1909f56bfc062723c751e8b465ee728b)
Start importing Assets/prefab/UI Score.prefab using Guid(8b3c93e95029961468550c32d0fac4ae) Importer(815301076,1909f56bfc062723c751e8b465ee728b)  -> (artifact id: 'bded892a1ad9e773fcc19f79ddd2c31d') in 0.013775 seconds
  Import took 0.025433 seconds .

========================================================================
Received Import Request.
  Time since last request: 4.836468 seconds.
  path: Assets/prefab/UI Score.prefab
  artifactKey: Guid(8b3c93e95029961468550c32d0fac4ae) Importer(815301076,1909f56bfc062723c751e8b465ee728b)
Start importing Assets/prefab/UI Score.prefab using Guid(8b3c93e95029961468550c32d0fac4ae) Importer(815301076,1909f56bfc062723c751e8b465ee728b)  -> (artifact id: 'f645415a78712df7b9f9fa4e4692a07e') in 0.013921 seconds
  Import took 0.024719 seconds .

========================================================================
Received Import Request.
  Time since last request: 4.863990 seconds.
  path: Assets/prefab/UI Score.prefab
  artifactKey: Guid(8b3c93e95029961468550c32d0fac4ae) Importer(815301076,1909f56bfc062723c751e8b465ee728b)
Start importing Assets/prefab/UI Score.prefab using Guid(8b3c93e95029961468550c32d0fac4ae) Importer(815301076,1909f56bfc062723c751e8b465ee728b)  -> (artifact id: '05652096ca21ba3d7f1819a39039d777') in 0.014686 seconds
  Import took 0.031175 seconds .

========================================================================
Received Import Request.
  Time since last request: 2.844698 seconds.
  path: Assets/prefab/UI Score.prefab
  artifactKey: Guid(8b3c93e95029961468550c32d0fac4ae) Importer(815301076,1909f56bfc062723c751e8b465ee728b)
Start importing Assets/prefab/UI Score.prefab using Guid(8b3c93e95029961468550c32d0fac4ae) Importer(815301076,1909f56bfc062723c751e8b465ee728b)  -> (artifact id: '010524e02826eaf162d7aa1795768a2f') in 0.013702 seconds
  Import took 0.039360 seconds .

========================================================================
Received Import Request.
  Time since last request: 0.901618 seconds.
  path: Assets/prefab/UI Score.prefab
  artifactKey: Guid(8b3c93e95029961468550c32d0fac4ae) Importer(815301076,1909f56bfc062723c751e8b465ee728b)
Start importing Assets/prefab/UI Score.prefab using Guid(8b3c93e95029961468550c32d0fac4ae) Importer(815301076,1909f56bfc062723c751e8b465ee728b)  -> (artifact id: 'fceb9703740593508b964f5363d4c4dc') in 0.016718 seconds
  Import took 0.020660 seconds .

========================================================================
Received Import Request.
  Time since last request: 0.839171 seconds.
  path: Assets/prefab/UI Score.prefab
  artifactKey: Guid(8b3c93e95029961468550c32d0fac4ae) Importer(815301076,1909f56bfc062723c751e8b465ee728b)
Start importing Assets/prefab/UI Score.prefab using Guid(8b3c93e95029961468550c32d0fac4ae) Importer(815301076,1909f56bfc062723c751e8b465ee728b)  -> (artifact id: 'c20e6a524ef4cc3dfbc13ce4639c1c57') in 0.023826 seconds
  Import took 0.028786 seconds .

========================================================================
Received Import Request.
  Time since last request: 0.589691 seconds.
  path: Assets/prefab/UI Score.prefab
  artifactKey: Guid(8b3c93e95029961468550c32d0fac4ae) Importer(815301076,1909f56bfc062723c751e8b465ee728b)
Start importing Assets/prefab/UI Score.prefab using Guid(8b3c93e95029961468550c32d0fac4ae) Importer(815301076,1909f56bfc062723c751e8b465ee728b)  -> (artifact id: '0891a0dac461f07b763d0f4c56d60cf9') in 0.026622 seconds
  Import took 0.033397 seconds .

========================================================================
Received Import Request.
  Time since last request: 2.837409 seconds.
  path: Assets/prefab/UI Score.prefab
  artifactKey: Guid(8b3c93e95029961468550c32d0fac4ae) Importer(815301076,1909f56bfc062723c751e8b465ee728b)
Start importing Assets/prefab/UI Score.prefab using Guid(8b3c93e95029961468550c32d0fac4ae) Importer(815301076,1909f56bfc062723c751e8b465ee728b)  -> (artifact id: '61f213b9baa270ad95d9afb16db33469') in 0.014891 seconds
  Import took 0.053847 seconds .

========================================================================
Received Import Request.
  Time since last request: 4.668877 seconds.
  path: Assets/prefab/UI Score.prefab
  artifactKey: Guid(8b3c93e95029961468550c32d0fac4ae) Importer(815301076,1909f56bfc062723c751e8b465ee728b)
Start importing Assets/prefab/UI Score.prefab using Guid(8b3c93e95029961468550c32d0fac4ae) Importer(815301076,1909f56bfc062723c751e8b465ee728b)  -> (artifact id: '2b47f963578c5c40c4ac4bcd85a490e9') in 0.016346 seconds
  Import took 0.020546 seconds .

========================================================================
Received Import Request.
  Time since last request: 7.082744 seconds.
  path: Assets/prefab/UI Score.prefab
  artifactKey: Guid(8b3c93e95029961468550c32d0fac4ae) Importer(815301076,1909f56bfc062723c751e8b465ee728b)
Start importing Assets/prefab/UI Score.prefab using Guid(8b3c93e95029961468550c32d0fac4ae) Importer(815301076,1909f56bfc062723c751e8b465ee728b)  -> (artifact id: '1c3e8c49fe07942833b1af3dbd33dfaf') in 0.036054 seconds
  Import took 0.049335 seconds .

========================================================================
Received Import Request.
  Time since last request: 0.744973 seconds.
  path: Assets/prefab/UI Score.prefab
  artifactKey: Guid(8b3c93e95029961468550c32d0fac4ae) Importer(815301076,1909f56bfc062723c751e8b465ee728b)
Start importing Assets/prefab/UI Score.prefab using Guid(8b3c93e95029961468550c32d0fac4ae) Importer(815301076,1909f56bfc062723c751e8b465ee728b)  -> (artifact id: '30f1a3b3493c1a3edc9508942ef4dccf') in 0.021694 seconds
  Import took 0.025525 seconds .

========================================================================
Received Import Request.
  Time since last request: 3.434318 seconds.
  path: Assets/prefab/UI Score.prefab
  artifactKey: Guid(8b3c93e95029961468550c32d0fac4ae) Importer(815301076,1909f56bfc062723c751e8b465ee728b)
Start importing Assets/prefab/UI Score.prefab using Guid(8b3c93e95029961468550c32d0fac4ae) Importer(815301076,1909f56bfc062723c751e8b465ee728b)  -> (artifact id: '38b9bd8c2d4680f14ddf95c40f9d0c21') in 0.016216 seconds
  Import took 0.021583 seconds .

========================================================================
Received Import Request.
  Time since last request: 1.774270 seconds.
  path: Assets/prefab/UI Score.prefab
  artifactKey: Guid(8b3c93e95029961468550c32d0fac4ae) Importer(815301076,1909f56bfc062723c751e8b465ee728b)
Start importing Assets/prefab/UI Score.prefab using Guid(8b3c93e95029961468550c32d0fac4ae) Importer(815301076,1909f56bfc062723c751e8b465ee728b)  -> (artifact id: '180b9e6fdf758b297ec311c6b7d0f2da') in 0.013632 seconds
  Import took 0.017469 seconds .

========================================================================
Received Import Request.
  Time since last request: 0.808834 seconds.
  path: Assets/prefab/UI Score.prefab
  artifactKey: Guid(8b3c93e95029961468550c32d0fac4ae) Importer(815301076,1909f56bfc062723c751e8b465ee728b)
Start importing Assets/prefab/UI Score.prefab using Guid(8b3c93e95029961468550c32d0fac4ae) Importer(815301076,1909f56bfc062723c751e8b465ee728b)  -> (artifact id: '9c875cb2279e10a3d17efa64846f651c') in 0.021008 seconds
  Import took 0.038491 seconds .

========================================================================
Received Import Request.
  Time since last request: 7.466087 seconds.
  path: Assets/prefab/UI Score.prefab
  artifactKey: Guid(8b3c93e95029961468550c32d0fac4ae) Importer(815301076,1909f56bfc062723c751e8b465ee728b)
Start importing Assets/prefab/UI Score.prefab using Guid(8b3c93e95029961468550c32d0fac4ae) Importer(815301076,1909f56bfc062723c751e8b465ee728b)  -> (artifact id: 'fc0c8959277bb141b4d8f3afb88f1fe0') in 0.013904 seconds
  Import took 0.017453 seconds .

========================================================================
Received Import Request.
  Time since last request: 24.995800 seconds.
  path: Assets/prefab/UI Score.prefab
  artifactKey: Guid(8b3c93e95029961468550c32d0fac4ae) Importer(815301076,1909f56bfc062723c751e8b465ee728b)
Start importing Assets/prefab/UI Score.prefab using Guid(8b3c93e95029961468550c32d0fac4ae) Importer(815301076,1909f56bfc062723c751e8b465ee728b)  -> (artifact id: '118a6453789f88b22bc10b2c6a34c190') in 0.014699 seconds
  Import took 0.018366 seconds .

========================================================================
Received Import Request.
  Time since last request: 9.548512 seconds.
  path: Assets/prefab/UI Score.prefab
  artifactKey: Guid(8b3c93e95029961468550c32d0fac4ae) Importer(815301076,1909f56bfc062723c751e8b465ee728b)
Start importing Assets/prefab/UI Score.prefab using Guid(8b3c93e95029961468550c32d0fac4ae) Importer(815301076,1909f56bfc062723c751e8b465ee728b)  -> (artifact id: 'f0941a8d20eb7991c73d928e0653058e') in 0.026135 seconds
  Import took 0.030287 seconds .

========================================================================
Received Import Request.
  Time since last request: 31.423296 seconds.
  path: Assets/prefab/UI Score.prefab
  artifactKey: Guid(8b3c93e95029961468550c32d0fac4ae) Importer(815301076,1909f56bfc062723c751e8b465ee728b)
Start importing Assets/prefab/UI Score.prefab using Guid(8b3c93e95029961468550c32d0fac4ae) Importer(815301076,1909f56bfc062723c751e8b465ee728b)  -> (artifact id: '22d022ec1a5ed0f52893fe8cb7da9e17') in 0.020692 seconds
  Import took 0.025164 seconds .

========================================================================
Received Import Request.
  Time since last request: 3.224756 seconds.
  path: Assets/prefab/UI Score.prefab
  artifactKey: Guid(8b3c93e95029961468550c32d0fac4ae) Importer(815301076,1909f56bfc062723c751e8b465ee728b)
Start importing Assets/prefab/UI Score.prefab using Guid(8b3c93e95029961468550c32d0fac4ae) Importer(815301076,1909f56bfc062723c751e8b465ee728b)  -> (artifact id: 'ece5b4c98a24c4f04afd55dfa35e420b') in 0.013167 seconds
  Import took 0.018922 seconds .

========================================================================
Received Import Request.
  Time since last request: 11.451817 seconds.
  path: Assets/prefab/UI Score.prefab
  artifactKey: Guid(8b3c93e95029961468550c32d0fac4ae) Importer(815301076,1909f56bfc062723c751e8b465ee728b)
Start importing Assets/prefab/UI Score.prefab using Guid(8b3c93e95029961468550c32d0fac4ae) Importer(815301076,1909f56bfc062723c751e8b465ee728b)  -> (artifact id: 'f72b03411358af66d6bf9de74c25470b') in 0.025123 seconds
  Import took 0.029273 seconds .

========================================================================
Received Import Request.
  Time since last request: 817.810076 seconds.
  path: Assets/prefab/UI Score.prefab
  artifactKey: Guid(8b3c93e95029961468550c32d0fac4ae) Importer(815301076,1909f56bfc062723c751e8b465ee728b)
Start importing Assets/prefab/UI Score.prefab using Guid(8b3c93e95029961468550c32d0fac4ae) Importer(815301076,1909f56bfc062723c751e8b465ee728b)  -> (artifact id: '25e6560b29f50416346f9eee734f5bfc') in 0.021573 seconds
  Import took 0.043668 seconds .

========================================================================
Received Import Request.
  Time since last request: 4.002298 seconds.
  path: Assets/prefab/UI Score.prefab
  artifactKey: Guid(8b3c93e95029961468550c32d0fac4ae) Importer(815301076,1909f56bfc062723c751e8b465ee728b)
Start importing Assets/prefab/UI Score.prefab using Guid(8b3c93e95029961468550c32d0fac4ae) Importer(815301076,1909f56bfc062723c751e8b465ee728b)  -> (artifact id: '5dd9b9c2009c5a103a2a022a25333673') in 0.011460 seconds
  Import took 0.015085 seconds .

========================================================================
Received Import Request.
  Time since last request: 1.985395 seconds.
  path: Assets/prefab/UI Score.prefab
  artifactKey: Guid(8b3c93e95029961468550c32d0fac4ae) Importer(815301076,1909f56bfc062723c751e8b465ee728b)
Start importing Assets/prefab/UI Score.prefab using Guid(8b3c93e95029961468550c32d0fac4ae) Importer(815301076,1909f56bfc062723c751e8b465ee728b)  -> (artifact id: '5f64b4f18fcf688d4142edc6514ef7cc') in 0.016838 seconds
  Import took 0.020054 seconds .

========================================================================
Received Import Request.
  Time since last request: 20.715827 seconds.
  path: Assets/prefab/UI Score.prefab
  artifactKey: Guid(8b3c93e95029961468550c32d0fac4ae) Importer(815301076,1909f56bfc062723c751e8b465ee728b)
Start importing Assets/prefab/UI Score.prefab using Guid(8b3c93e95029961468550c32d0fac4ae) Importer(815301076,1909f56bfc062723c751e8b465ee728b)  -> (artifact id: 'dc85ff364be585b797652d5ceb950a5f') in 0.012527 seconds
  Import took 0.015164 seconds .

========================================================================
Received Import Request.
  Time since last request: 3.577543 seconds.
  path: Assets/prefab/UI Score.prefab
  artifactKey: Guid(8b3c93e95029961468550c32d0fac4ae) Importer(815301076,1909f56bfc062723c751e8b465ee728b)
Start importing Assets/prefab/UI Score.prefab using Guid(8b3c93e95029961468550c32d0fac4ae) Importer(815301076,1909f56bfc062723c751e8b465ee728b)  -> (artifact id: '16034a90965cf04207ac2fd98698e600') in 0.011005 seconds
  Import took 0.013508 seconds .

========================================================================
Received Import Request.
  Time since last request: 1.557910 seconds.
  path: Assets/prefab/UI Score.prefab
  artifactKey: Guid(8b3c93e95029961468550c32d0fac4ae) Importer(815301076,1909f56bfc062723c751e8b465ee728b)
Start importing Assets/prefab/UI Score.prefab using Guid(8b3c93e95029961468550c32d0fac4ae) Importer(815301076,1909f56bfc062723c751e8b465ee728b)  -> (artifact id: '6ab83e8e6fad2897865022d87631dc4c') in 0.011701 seconds
  Import took 0.014748 seconds .

========================================================================
Received Import Request.
  Time since last request: 1.879503 seconds.
  path: Assets/prefab/UI Score.prefab
  artifactKey: Guid(8b3c93e95029961468550c32d0fac4ae) Importer(815301076,1909f56bfc062723c751e8b465ee728b)
Start importing Assets/prefab/UI Score.prefab using Guid(8b3c93e95029961468550c32d0fac4ae) Importer(815301076,1909f56bfc062723c751e8b465ee728b)  -> (artifact id: '39138d07814b3cf8879f5f4b0092a0c3') in 0.013638 seconds
  Import took 0.017358 seconds .

========================================================================
Received Import Request.
  Time since last request: 4.556294 seconds.
  path: Assets/prefab/UI Score.prefab
  artifactKey: Guid(8b3c93e95029961468550c32d0fac4ae) Importer(815301076,1909f56bfc062723c751e8b465ee728b)
Start importing Assets/prefab/UI Score.prefab using Guid(8b3c93e95029961468550c32d0fac4ae) Importer(815301076,1909f56bfc062723c751e8b465ee728b)  -> (artifact id: 'f0918543bda82ad9f6741b1e8132fde4') in 0.009276 seconds
  Import took 0.011532 seconds .

========================================================================
Received Import Request.
  Time since last request: 22.233368 seconds.
  path: Assets/Scenes/Level01.unity
  artifactKey: Guid(7f5c3fa1bc505134b834e5376e6fb77f) Importer(815301076,1909f56bfc062723c751e8b465ee728b)
Start importing Assets/Scenes/Level01.unity using Guid(7f5c3fa1bc505134b834e5376e6fb77f) Importer(815301076,1909f56bfc062723c751e8b465ee728b)  -> (artifact id: '3a77dea11b399f65726e199c85d59d68') in 0.012605 seconds
  Import took 0.014761 seconds .

========================================================================
Received Import Request.
  Time since last request: 0.001120 seconds.
  path: Assets/Scenes/Level01.unity
  artifactKey: Guid(7f5c3fa1bc505134b834e5376e6fb77f) Importer(815301076,1909f56bfc062723c751e8b465ee728b)
Start importing Assets/Scenes/Level01.unity using Guid(7f5c3fa1bc505134b834e5376e6fb77f) Importer(815301076,1909f56bfc062723c751e8b465ee728b)  -> (artifact id: '3a77dea11b399f65726e199c85d59d68') in 0.006084 seconds
  Import took 0.009620 seconds .

========================================================================
Received Prepare
Registering precompiled user dll's ...
Registered in 0.000632 seconds.
Begin MonoManager ReloadAssembly
Native extension for WindowsStandalone target not found
Native extension for WebGL target not found
Refreshing native plugins compatible for Editor in 0.21 ms, found 0 plugins.
Preloading 0 native plugins for Editor in 0.00 ms.
Invoked RoslynAnalysisRunner static constructor.
RoslynAnalysisRunner will not be running.
RoslynAnalysisRunner has terminated.
Mono: successfully reloaded assembly
- Completed reload, in  0.765 seconds
Platform modules already initialized, skipping
Refreshing native plugins compatible for Editor in 0.19 ms, found 0 plugins.
Preloading 0 native plugins for Editor in 0.00 ms.
Unloading 1086 Unused Serialized files (Serialized files now loaded: 0)
System memory in use before: 91.2 MB.
System memory in use after: 91.2 MB.

Unloading 6 unused Assets to reduce memory usage. Loaded Objects now: 1614.
Total: 2.133300 ms (FindLiveObjects: 0.348600 ms CreateObjectMapping: 0.117900 ms MarkObjects: 1.641000 ms  DeleteObjects: 0.023800 ms)

========================================================================
Received Prepare
Registering precompiled user dll's ...
Registered in 0.000670 seconds.
Begin MonoManager ReloadAssembly
Native extension for WindowsStandalone target not found
Native extension for WebGL target not found
Refreshing native plugins compatible for Editor in 0.32 ms, found 0 plugins.
Preloading 0 native plugins for Editor in 0.00 ms.
Invoked RoslynAnalysisRunner static constructor.
RoslynAnalysisRunner will not be running.
RoslynAnalysisRunner has terminated.
Mono: successfully reloaded assembly
- Completed reload, in  0.850 seconds
Platform modules already initialized, skipping
Refreshing native plugins compatible for Editor in 0.22 ms, found 0 plugins.
Preloading 0 native plugins for Editor in 0.00 ms.
Unloading 1086 Unused Serialized files (Serialized files now loaded: 0)
System memory in use before: 91.2 MB.
System memory in use after: 91.3 MB.

Unloading 4 unused Assets to reduce memory usage. Loaded Objects now: 1616.
Total: 1.731700 ms (FindLiveObjects: 0.126300 ms CreateObjectMapping: 0.031400 ms MarkObjects: 1.556600 ms  DeleteObjects: 0.015900 ms)

========================================================================
Received Prepare
Registering precompiled user dll's ...
Registered in 0.000723 seconds.
Begin MonoManager ReloadAssembly
Native extension for WindowsStandalone target not found
Native extension for WebGL target not found
Refreshing native plugins compatible for Editor in 0.30 ms, found 0 plugins.
Preloading 0 native plugins for Editor in 0.00 ms.
Invoked RoslynAnalysisRunner static constructor.
RoslynAnalysisRunner will not be running.
RoslynAnalysisRunner has terminated.
Mono: successfully reloaded assembly
- Completed reload, in  0.991 seconds
Platform modules already initialized, skipping
Refreshing native plugins compatible for Editor in 0.35 ms, found 0 plugins.
Preloading 0 native plugins for Editor in 0.00 ms.
Unloading 1087 Unused Serialized files (Serialized files now loaded: 0)
System memory in use before: 90.5 MB.
System memory in use after: 90.6 MB.

Unloading 4 unused Assets to reduce memory usage. Loaded Objects now: 1619.
Total: 1.855700 ms (FindLiveObjects: 0.326700 ms CreateObjectMapping: 0.048400 ms MarkObjects: 1.464400 ms  DeleteObjects: 0.014900 ms)

========================================================================
Received Prepare
Registering precompiled user dll's ...
Registered in 0.000812 seconds.
Begin MonoManager ReloadAssembly
Native extension for WindowsStandalone target not found
Native extension for WebGL target not found
Refreshing native plugins compatible for Editor in 0.37 ms, found 0 plugins.
Preloading 0 native plugins for Editor in 0.00 ms.
Invoked RoslynAnalysisRunner static constructor.
RoslynAnalysisRunner will not be running.
RoslynAnalysisRunner has terminated.
Mono: successfully reloaded assembly
- Completed reload, in  1.036 seconds
Platform modules already initialized, skipping
Refreshing native plugins compatible for Editor in 0.20 ms, found 0 plugins.
Preloading 0 native plugins for Editor in 0.00 ms.
Unloading 1087 Unused Serialized files (Serialized files now loaded: 0)
System memory in use before: 90.7 MB.
System memory in use after: 90.8 MB.

Unloading 4 unused Assets to reduce memory usage. Loaded Objects now: 1621.
Total: 2.962400 ms (FindLiveObjects: 0.349300 ms CreateObjectMapping: 0.224700 ms MarkObjects: 2.361000 ms  DeleteObjects: 0.025600 ms)

========================================================================
Received Prepare
Registering precompiled user dll's ...
Registered in 0.000646 seconds.
Begin MonoManager ReloadAssembly
Native extension for WindowsStandalone target not found
Native extension for WebGL target not found
Refreshing native plugins compatible for Editor in 0.19 ms, found 0 plugins.
Preloading 0 native plugins for Editor in 0.00 ms.
Invoked RoslynAnalysisRunner static constructor.
RoslynAnalysisRunner will not be running.
RoslynAnalysisRunner has terminated.
Mono: successfully reloaded assembly
- Completed reload, in  1.019 seconds
Platform modules already initialized, skipping
Refreshing native plugins compatible for Editor in 0.21 ms, found 0 plugins.
Preloading 0 native plugins for Editor in 0.00 ms.
Unloading 1087 Unused Serialized files (Serialized files now loaded: 0)
System memory in use before: 90.9 MB.
System memory in use after: 91.0 MB.

Unloading 4 unused Assets to reduce memory usage. Loaded Objects now: 1623.
Total: 2.050500 ms (FindLiveObjects: 0.324500 ms CreateObjectMapping: 0.075300 ms MarkObjects: 1.633100 ms  DeleteObjects: 0.016100 ms)

========================================================================
Received Import Request.
  Time since last request: 248.560971 seconds.
  path: Assets/Scripts/gameOver.cs
  artifactKey: Guid(1363afd14f6def840b98fa4e3aa9bc2b) Importer(815301076,1909f56bfc062723c751e8b465ee728b)
Start importing Assets/Scripts/gameOver.cs using Guid(1363afd14f6def840b98fa4e3aa9bc2b) Importer(815301076,1909f56bfc062723c751e8b465ee728b)  -> (artifact id: 'd9e0809a38327be4203369471eb5a7d6') in 0.016026 seconds
  Import took 0.019274 seconds .

========================================================================
Received Prepare
Registering precompiled user dll's ...
Registered in 0.000868 seconds.
Begin MonoManager ReloadAssembly
Native extension for WindowsStandalone target not found
Native extension for WebGL target not found
Refreshing native plugins compatible for Editor in 0.23 ms, found 0 plugins.
Preloading 0 native plugins for Editor in 0.00 ms.
Invoked RoslynAnalysisRunner static constructor.
RoslynAnalysisRunner will not be running.
RoslynAnalysisRunner has terminated.
Mono: successfully reloaded assembly
- Completed reload, in  0.919 seconds
Platform modules already initialized, skipping
Refreshing native plugins compatible for Editor in 0.22 ms, found 0 plugins.
Preloading 0 native plugins for Editor in 0.00 ms.
Unloading 1087 Unused Serialized files (Serialized files now loaded: 0)
System memory in use before: 91.0 MB.
System memory in use after: 91.1 MB.

Unloading 4 unused Assets to reduce memory usage. Loaded Objects now: 1625.
Total: 1.989500 ms (FindLiveObjects: 0.366500 ms CreateObjectMapping: 0.081300 ms MarkObjects: 1.524600 ms  DeleteObjects: 0.015900 ms)

========================================================================
Received Import Request.
  Time since last request: 99.964540 seconds.
  path: Assets/Scripts/gameOver.cs
  artifactKey: Guid(1363afd14f6def840b98fa4e3aa9bc2b) Importer(815301076,1909f56bfc062723c751e8b465ee728b)
Start importing Assets/Scripts/gameOver.cs using Guid(1363afd14f6def840b98fa4e3aa9bc2b) Importer(815301076,1909f56bfc062723c751e8b465ee728b)  -> (artifact id: '78e0d3ed0c97ac1194a91e682181cbbf') in 0.011875 seconds
  Import took 0.050532 seconds .

========================================================================
Received Prepare
Registering precompiled user dll's ...
Registered in 0.000724 seconds.
Begin MonoManager ReloadAssembly
Native extension for WindowsStandalone target not found
Native extension for WebGL target not found
Refreshing native plugins compatible for Editor in 0.22 ms, found 0 plugins.
Preloading 0 native plugins for Editor in 0.00 ms.
Invoked RoslynAnalysisRunner static constructor.
RoslynAnalysisRunner will not be running.
RoslynAnalysisRunner has terminated.
Mono: successfully reloaded assembly
- Completed reload, in  0.937 seconds
Platform modules already initialized, skipping
Refreshing native plugins compatible for Editor in 0.19 ms, found 0 plugins.
Preloading 0 native plugins for Editor in 0.00 ms.
Unloading 1087 Unused Serialized files (Serialized files now loaded: 0)
System memory in use before: 91.2 MB.
System memory in use after: 91.3 MB.

Unloading 4 unused Assets to reduce memory usage. Loaded Objects now: 1627.
Total: 1.717600 ms (FindLiveObjects: 0.224000 ms CreateObjectMapping: 0.062000 ms MarkObjects: 1.416600 ms  DeleteObjects: 0.013700 ms)

========================================================================
Received Prepare
Registering precompiled user dll's ...
Registered in 0.000785 seconds.
Begin MonoManager ReloadAssembly
Native extension for WindowsStandalone target not found
Native extension for WebGL target not found
Refreshing native plugins compatible for Editor in 0.27 ms, found 0 plugins.
Preloading 0 native plugins for Editor in 0.00 ms.
Invoked RoslynAnalysisRunner static constructor.
RoslynAnalysisRunner will not be running.
RoslynAnalysisRunner has terminated.
Mono: successfully reloaded assembly
- Completed reload, in  0.963 seconds
Platform modules already initialized, skipping
Refreshing native plugins compatible for Editor in 0.27 ms, found 0 plugins.
Preloading 0 native plugins for Editor in 0.00 ms.
Unloading 1087 Unused Serialized files (Serialized files now loaded: 0)
System memory in use before: 91.3 MB.
System memory in use after: 91.4 MB.

Unloading 4 unused Assets to reduce memory usage. Loaded Objects now: 1629.
Total: 2.405900 ms (FindLiveObjects: 0.274100 ms CreateObjectMapping: 0.069500 ms MarkObjects: 2.041800 ms  DeleteObjects: 0.019000 ms)

========================================================================
Received Prepare
Registering precompiled user dll's ...
Registered in 0.001674 seconds.
Begin MonoManager ReloadAssembly
Native extension for WindowsStandalone target not found
Native extension for WebGL target not found
Refreshing native plugins compatible for Editor in 0.66 ms, found 0 plugins.
Preloading 0 native plugins for Editor in 0.00 ms.
Invoked RoslynAnalysisRunner static constructor.
RoslynAnalysisRunner will not be running.
RoslynAnalysisRunner has terminated.
Mono: successfully reloaded assembly
- Completed reload, in  1.252 seconds
Platform modules already initialized, skipping
Refreshing native plugins compatible for Editor in 0.34 ms, found 0 plugins.
Preloading 0 native plugins for Editor in 0.00 ms.
Unloading 1087 Unused Serialized files (Serialized files now loaded: 0)
System memory in use before: 90.6 MB.
System memory in use after: 90.6 MB.

Unloading 4 unused Assets to reduce memory usage. Loaded Objects now: 1631.
Total: 2.774200 ms (FindLiveObjects: 0.272300 ms CreateObjectMapping: 0.072200 ms MarkObjects: 2.409400 ms  DeleteObjects: 0.018300 ms)

========================================================================
Received Import Request.
  Time since last request: 783.881564 seconds.
  path: Assets/Scripts/GameMonitor.cs
  artifactKey: Guid(bd276cf566f1914499aa9fff9821ec63) Importer(815301076,1909f56bfc062723c751e8b465ee728b)
Start importing Assets/Scripts/GameMonitor.cs using Guid(bd276cf566f1914499aa9fff9821ec63) Importer(815301076,1909f56bfc062723c751e8b465ee728b)  -> (artifact id: 'c92ea38c371fc37581392ce5647ea28f') in 0.013622 seconds
  Import took 0.017965 seconds .

========================================================================
Received Import Request.
  Time since last request: 0.007876 seconds.
  path: Assets/Scripts/GameMonitor.cs
  artifactKey: Guid(bd276cf566f1914499aa9fff9821ec63) Importer(815301076,1909f56bfc062723c751e8b465ee728b)
Start importing Assets/Scripts/GameMonitor.cs using Guid(bd276cf566f1914499aa9fff9821ec63) Importer(815301076,1909f56bfc062723c751e8b465ee728b)  -> (artifact id: 'c92ea38c371fc37581392ce5647ea28f') in 0.008223 seconds
  Import took 0.010627 seconds .

========================================================================
Received Import Request.
  Time since last request: 0.332392 seconds.
  path: Assets/Scripts/gameOver.cs
  artifactKey: Guid(1363afd14f6def840b98fa4e3aa9bc2b) Importer(815301076,1909f56bfc062723c751e8b465ee728b)
Start importing Assets/Scripts/gameOver.cs using Guid(1363afd14f6def840b98fa4e3aa9bc2b) Importer(815301076,1909f56bfc062723c751e8b465ee728b)  -> (artifact id: 'bf2cfbc27f087417c2dc91242200e5f1') in 0.007916 seconds
  Import took 0.012273 seconds .

========================================================================
Received Import Request.
  Time since last request: 0.006091 seconds.
  path: Assets/Scripts/gameOver.cs
  artifactKey: Guid(1363afd14f6def840b98fa4e3aa9bc2b) Importer(815301076,1909f56bfc062723c751e8b465ee728b)
Start importing Assets/Scripts/gameOver.cs using Guid(1363afd14f6def840b98fa4e3aa9bc2b) Importer(815301076,1909f56bfc062723c751e8b465ee728b)  -> (artifact id: 'bf2cfbc27f087417c2dc91242200e5f1') in 0.009199 seconds
  Import took 0.011827 seconds .

========================================================================
Received Import Request.
  Time since last request: 0.361914 seconds.
  path: Assets/Scripts/levelComplete.cs
  artifactKey: Guid(7bb6850731220b04383e0a26d5af7557) Importer(815301076,1909f56bfc062723c751e8b465ee728b)
Start importing Assets/Scripts/levelComplete.cs using Guid(7bb6850731220b04383e0a26d5af7557) Importer(815301076,1909f56bfc062723c751e8b465ee728b)  -> (artifact id: 'ad6affc93ef736f877ceffb393fe0e88') in 0.057616 seconds
  Import took 0.084085 seconds .

========================================================================
Received Import Request.
  Time since last request: 3.017010 seconds.
  path: Assets/Scripts/scoreScript.cs
  artifactKey: Guid(9c214eab22407ad4c8e3df9cc39e21b7) Importer(815301076,1909f56bfc062723c751e8b465ee728b)
Start importing Assets/Scripts/scoreScript.cs using Guid(9c214eab22407ad4c8e3df9cc39e21b7) Importer(815301076,1909f56bfc062723c751e8b465ee728b)  -> (artifact id: '43dc99d300cad0e1bf130aac96753a8d') in 0.013938 seconds
  Import took 0.018762 seconds .

========================================================================
Received Import Request.
  Time since last request: 0.001337 seconds.
  path: Assets/Scripts/scoreScript.cs
  artifactKey: Guid(9c214eab22407ad4c8e3df9cc39e21b7) Importer(815301076,1909f56bfc062723c751e8b465ee728b)
Start importing Assets/Scripts/scoreScript.cs using Guid(9c214eab22407ad4c8e3df9cc39e21b7) Importer(815301076,1909f56bfc062723c751e8b465ee728b)  -> (artifact id: '43dc99d300cad0e1bf130aac96753a8d') in 0.017228 seconds
  Import took 0.019961 seconds .

AssetImportWorkerClient::OnTransportError - code=2 error=End of file
